2005-10-18 07:14:41 - Application Newscaster v1.0.177  Restarted (192.168.1.21/Ethernet LAN), Startup sequence begun...
2005-10-18 07:14:59 - Application Newscaster v1.0.177  Restarted (192.168.1.21/Ethernet LAN), Startup sequence begun...
2005-10-18 07:17:45 - Application Newscaster v1.0.177  Restarted (192.168.1.21/Ethernet LAN), Startup sequence begun...
2005-10-18 07:17:46 - ERROR: Could not open logo image Images\news_logo.bmp

2005-10-18 07:17:50 - [media missing] 'Multimedia Error' - Could not open the file: 101_multimedia_English_001.mpg
2005-10-18 07:17:53 - ERROR: Failed to load impression image C:\Projects\Widgie_Advertiser\NewsCaster.Screensaver\Media\\4b8c0776.jpg

2005-10-18 07:17:53 - [media missing] 'Image Error' - Could not open the file: http://webcam.humlak.cz/hires/1280x1024.php
2005-10-18 07:17:55 - ERROR: Failed to load impression image C:\Projects\Widgie_Advertiser\NewsCaster.Screensaver\Media\\ba4caaf6.jpg

2005-10-18 07:17:55 - [media missing] 'Image Error' - Could not open the file: http://www.akademischer-seglerverein.de/ASVIM.de.Hires.WebCam.Image.jpg
2005-10-18 07:17:57 - ERROR: Failed to load impression image C:\Projects\Widgie_Advertiser\NewsCaster.Screensaver\Media\\9bed7ff4.jpg

2005-10-18 07:17:57 - [media missing] 'Image Error' - Could not open the file: http://www.stach.de/dyn/webcam/camtrans/Documents/hafen.jpg
2005-10-18 07:18:37 - [media missing] 'Multimedia Error' - Could not open the file: 101_multimedia_English_001.mpg
2005-10-18 07:18:40 - ERROR: Failed to load impression image C:\Projects\Widgie_Advertiser\NewsCaster.Screensaver\Media\\4b8c0776.jpg

2005-10-18 07:18:40 - [media missing] 'Image Error' - Could not open the file: http://webcam.humlak.cz/hires/1280x1024.php
2005-10-18 07:18:42 - ERROR: Failed to load impression image C:\Projects\Widgie_Advertiser\NewsCaster.Screensaver\Media\\ba4caaf6.jpg

2005-10-18 07:18:42 - [media missing] 'Image Error' - Could not open the file: http://www.akademischer-seglerverein.de/ASVIM.de.Hires.WebCam.Image.jpg
2005-10-18 07:18:44 - ERROR: Failed to load impression image C:\Projects\Widgie_Advertiser\NewsCaster.Screensaver\Media\\9bed7ff4.jpg

2005-10-18 07:18:44 - [media missing] 'Image Error' - Could not open the file: http://www.stach.de/dyn/webcam/camtrans/Documents/hafen.jpg
2005-10-18 07:19:25 - [media missing] 'Multimedia Error' - Could not open the file: 101_multimedia_English_001.mpg
2005-10-18 07:19:28 - ERROR: Failed to load impression image C:\Projects\Widgie_Advertiser\NewsCaster.Screensaver\Media\\4b8c0776.jpg

2005-10-18 07:19:28 - [media missing] 'Image Error' - Could not open the file: http://webcam.humlak.cz/hires/1280x1024.php
2005-10-18 07:19:30 - ERROR: Failed to load impression image C:\Projects\Widgie_Advertiser\NewsCaster.Screensaver\Media\\ba4caaf6.jpg

2005-10-18 07:19:30 - [media missing] 'Image Error' - Could not open the file: http://www.akademischer-seglerverein.de/ASVIM.de.Hires.WebCam.Image.jpg
2005-10-18 07:19:32 - ERROR: Failed to load impression image C:\Projects\Widgie_Advertiser\NewsCaster.Screensaver\Media\\9bed7ff4.jpg

2005-10-18 07:19:32 - [media missing] 'Image Error' - Could not open the file: http://www.stach.de/dyn/webcam/camtrans/Documents/hafen.jpg
2005-10-18 07:20:20 - [media missing] 'Multimedia Error' - Could not open the file: 101_multimedia_English_001.mpg
2005-10-18 07:20:23 - ERROR: Failed to load impression image C:\Projects\Widgie_Advertiser\NewsCaster.Screensaver\Media\\4b8c0776.jpg

2005-10-18 07:20:23 - [media missing] 'Image Error' - Could not open the file: http://webcam.humlak.cz/hires/1280x1024.php
2005-10-18 07:20:25 - ERROR: Failed to load impression image C:\Projects\Widgie_Advertiser\NewsCaster.Screensaver\Media\\ba4caaf6.jpg

2005-10-18 07:20:25 - [media missing] 'Image Error' - Could not open the file: http://www.akademischer-seglerverein.de/ASVIM.de.Hires.WebCam.Image.jpg
2005-10-18 07:20:32 - [media missing] 'Image Error' - Could not open the file: http://www.stach.de/dyn/webcam/camtrans/Documents/hafen.jpg
2005-10-18 07:21:15 - [media missing] 'Multimedia Error' - Could not open the file: 101_multimedia_English_001.mpg
2005-10-18 07:21:18 - ERROR: Failed to load impression image C:\Projects\Widgie_Advertiser\NewsCaster.Screensaver\Media\\4b8c0776.jpg

2005-10-18 07:21:18 - [media missing] 'Image Error' - Could not open the file: http://webcam.humlak.cz/hires/1280x1024.php
2005-10-18 07:21:20 - ERROR: Failed to load impression image C:\Projects\Widgie_Advertiser\NewsCaster.Screensaver\Media\\ba4caaf6.jpg

2005-10-18 07:21:20 - [media missing] 'Image Error' - Could not open the file: http://www.akademischer-seglerverein.de/ASVIM.de.Hires.WebCam.Image.jpg
2005-10-18 07:21:22 - ERROR: Failed to load impression image C:\Projects\Widgie_Advertiser\NewsCaster.Screensaver\Media\\9bed7ff4.jpg

2005-10-18 07:21:22 - [media missing] 'Image Error' - Could not open the file: http://www.stach.de/dyn/webcam/camtrans/Documents/hafen.jpg
2005-10-18 07:22:09 - [media missing] 'Multimedia Error' - Could not open the file: 101_multimedia_English_001.mpg
2005-10-18 07:22:12 - ERROR: Failed to load impression image C:\Projects\Widgie_Advertiser\NewsCaster.Screensaver\Media\\4b8c0776.jpg

2005-10-18 07:22:12 - [media missing] 'Image Error' - Could not open the file: http://webcam.humlak.cz/hires/1280x1024.php
2005-10-18 07:22:14 - ERROR: Failed to load impression image C:\Projects\Widgie_Advertiser\NewsCaster.Screensaver\Media\\ba4caaf6.jpg

2005-10-18 07:22:14 - [media missing] 'Image Error' - Could not open the file: http://www.akademischer-seglerverein.de/ASVIM.de.Hires.WebCam.Image.jpg
2005-10-18 07:22:16 - ERROR: Failed to load impression image C:\Projects\Widgie_Advertiser\NewsCaster.Screensaver\Media\\9bed7ff4.jpg

2005-10-18 07:22:16 - [media missing] 'Image Error' - Could not open the file: http://www.stach.de/dyn/webcam/camtrans/Documents/hafen.jpg
2005-10-18 07:22:33 - Application Newscaster v1.0.177  Shutting down
2005-10-18 07:22:51 - Application Newscaster v1.0.177  Restarted (192.168.1.21/Ethernet LAN), Startup sequence begun...
2005-10-18 07:22:52 - ERROR: Could not open logo image Images\news_logo.bmp

2005-10-18 07:22:56 - [media missing] 'Multimedia Error' - Could not open the file: 101_multimedia_English_001.mpg
2005-10-18 07:22:59 - ERROR: Failed to load impression image C:\Projects\Widgie_Advertiser\NewsCaster.Screensaver\Media\\4b8c0776.jpg

2005-10-18 07:22:59 - [media missing] 'Image Error' - Could not open the file: http://webcam.humlak.cz/hires/1280x1024.php
2005-10-18 07:23:01 - ERROR: Failed to load impression image C:\Projects\Widgie_Advertiser\NewsCaster.Screensaver\Media\\ba4caaf6.jpg

2005-10-18 07:23:01 - [media missing] 'Image Error' - Could not open the file: http://www.akademischer-seglerverein.de/ASVIM.de.Hires.WebCam.Image.jpg
2005-10-18 07:23:03 - ERROR: Failed to load impression image C:\Projects\Widgie_Advertiser\NewsCaster.Screensaver\Media\\9bed7ff4.jpg

2005-10-18 07:23:03 - [media missing] 'Image Error' - Could not open the file: http://www.stach.de/dyn/webcam/camtrans/Documents/hafen.jpg
2005-10-18 07:23:41 - [media missing] 'Multimedia Error' - Could not open the file: 101_multimedia_English_001.mpg
2005-10-18 07:23:44 - ERROR: Failed to load impression image C:\Projects\Widgie_Advertiser\NewsCaster.Screensaver\Media\\4b8c0776.jpg

2005-10-18 07:23:44 - [media missing] 'Image Error' - Could not open the file: http://webcam.humlak.cz/hires/1280x1024.php
2005-10-18 07:23:46 - ERROR: Failed to load impression image C:\Projects\Widgie_Advertiser\NewsCaster.Screensaver\Media\\ba4caaf6.jpg

2005-10-18 07:23:46 - [media missing] 'Image Error' - Could not open the file: http://www.akademischer-seglerverein.de/ASVIM.de.Hires.WebCam.Image.jpg
2005-10-18 07:23:48 - ERROR: Failed to load impression image C:\Projects\Widgie_Advertiser\NewsCaster.Screensaver\Media\\9bed7ff4.jpg

2005-10-18 07:23:48 - [media missing] 'Image Error' - Could not open the file: http://www.stach.de/dyn/webcam/camtrans/Documents/hafen.jpg
2005-10-18 07:24:36 - [media missing] 'Multimedia Error' - Could not open the file: 101_multimedia_English_001.mpg
2005-10-18 07:24:39 - ERROR: Failed to load impression image C:\Projects\Widgie_Advertiser\NewsCaster.Screensaver\Media\\4b8c0776.jpg

2005-10-18 07:24:39 - [media missing] 'Image Error' - Could not open the file: http://webcam.humlak.cz/hires/1280x1024.php
2005-10-18 07:24:41 - ERROR: Failed to load impression image C:\Projects\Widgie_Advertiser\NewsCaster.Screensaver\Media\\ba4caaf6.jpg

2005-10-18 07:24:41 - [media missing] 'Image Error' - Could not open the file: http://www.akademischer-seglerverein.de/ASVIM.de.Hires.WebCam.Image.jpg
2005-10-18 07:24:43 - ERROR: Failed to load impression image C:\Projects\Widgie_Advertiser\NewsCaster.Screensaver\Media\\9bed7ff4.jpg

2005-10-18 07:24:43 - [media missing] 'Image Error' - Could not open the file: http://www.stach.de/dyn/webcam/camtrans/Documents/hafen.jpg
2005-10-18 07:25:31 - [media missing] 'Multimedia Error' - Could not open the file: 101_multimedia_English_001.mpg
2005-10-18 07:26:34 - [media missing] 'Multimedia Error' - Could not open the file: 101_multimedia_English_001.mpg
2005-10-18 07:27:37 - [media missing] 'Multimedia Error' - Could not open the file: 101_multimedia_English_001.mpg
2005-10-18 07:28:37 - [media missing] 'Multimedia Error' - Could not open the file: 101_multimedia_English_001.mpg
2005-10-18 07:29:33 - ERROR: Failed to load impression image C:\Projects\Widgie_Advertiser\NewsCaster.Screensaver\Media\\

2005-10-18 07:29:33 - [media missing] 'Image Error' - Could not open the file: 
2005-10-18 07:29:34 - ERROR: Failed to load impression image C:\Projects\Widgie_Advertiser\NewsCaster.Screensaver\Media\\

2005-10-18 07:29:34 - [media missing] 'Image Error' - Could not open the file: 
2005-10-18 07:29:38 - ERROR: Failed to load impression image C:\Projects\Widgie_Advertiser\NewsCaster.Screensaver\Media\\

2005-10-18 07:29:38 - [media missing] 'Image Error' - Could not open the file: 
2005-10-18 07:29:41 - ERROR: Failed to load impression image C:\Projects\Widgie_Advertiser\NewsCaster.Screensaver\Media\\

2005-10-18 07:29:41 - [media missing] 'Image Error' - Could not open the file: 
2005-10-18 07:29:47 - Application Newscaster v1.0.177  Shutting down
2005-10-18 07:45:00 - Application Newscaster v1.0.177  Restarted (192.168.1.21/Ethernet LAN), Startup sequence begun...
2005-10-18 07:45:01 - ERROR: Could not open logo image Images\news_logo.bmp

2005-10-18 07:45:07 - [media missing] 'Multimedia Error' - Could not open the file: 101_multimedia_English_001.mpg
2005-10-18 07:46:28 - Application Newscaster v1.0.177  Shutting down
2005-10-18 07:46:56 - Application Newscaster v1.0.177  Restarted (192.168.1.21/Ethernet LAN), Startup sequence begun...
2005-10-18 07:46:57 - ERROR: Could not open logo image Images\news_logo.bmp

2005-10-18 07:47:01 - [media missing] 'Multimedia Error' - Could not open the file: 101_multimedia_English_001.mpg
2005-10-18 07:47:15 - Application Newscaster v1.0.177  Shutting down
2005-10-18 07:47:38 - Application Newscaster v1.0.177  Restarted (192.168.1.21/Ethernet LAN), Startup sequence begun...
2005-10-18 07:47:39 - ERROR: Could not open logo image Images\news_logo.bmp

2005-10-18 07:47:44 - [media missing] 'Multimedia Error' - Could not open the file: 101_multimedia_English_001.mpg
2005-10-18 07:48:57 - [media missing] 'Multimedia Error' - Could not open the file: 101_multimedia_English_001.mpg
2005-10-18 07:50:10 - [media missing] 'Multimedia Error' - Could not open the file: 101_multimedia_English_001.mpg
2005-10-18 07:51:23 - [media missing] 'Multimedia Error' - Could not open the file: 101_multimedia_English_001.mpg
2005-10-18 07:52:36 - [media missing] 'Multimedia Error' - Could not open the file: 101_multimedia_English_001.mpg
2005-10-18 07:53:49 - [media missing] 'Multimedia Error' - Could not open the file: 101_multimedia_English_001.mpg
2005-10-18 07:55:02 - [media missing] 'Multimedia Error' - Could not open the file: 101_multimedia_English_001.mpg
2005-10-18 07:56:15 - [media missing] 'Multimedia Error' - Could not open the file: 101_multimedia_English_001.mpg
2005-10-18 07:57:28 - [media missing] 'Multimedia Error' - Could not open the file: 101_multimedia_English_001.mpg
2005-10-18 07:58:30 - Application Newscaster v1.0.177  Shutting down
2005-10-18 07:58:54 - Application Newscaster v1.0.177  Restarted (192.168.1.21/Ethernet LAN), Startup sequence begun...
2005-10-18 07:58:55 - ERROR: Could not open logo image Images\news_logo.bmp

2005-10-18 07:58:59 - Application Newscaster v1.0.177  Shutting down
2005-10-18 07:59:10 - Application Newscaster v1.0.177  Restarted (192.168.1.21/Ethernet LAN), Startup sequence begun...
2005-10-18 07:59:11 - ERROR: Could not open logo image Images\news_logo.bmp

2005-10-18 07:59:19 - [media missing] 'Multimedia Error' - Could not open the file: 101_multimedia_English_001.mpg
2005-10-18 08:01:07 - Application Newscaster v1.0.177  Shutting down
2005-10-18 20:27:12 - Application Newscaster v1.0.177  Restarted (192.168.1.21/Ethernet LAN), Startup sequence begun...
2005-10-18 20:27:13 - ERROR: Could not open logo image Images\news_logo.bmp

2005-10-18 20:27:20 - ERROR: Failed to load impression image C:\Projects\Widgie_Advertiser\NewsCaster.Screensaver\Worldcams\Media\\
      

2005-10-18 20:27:20 - [media missing] 'Image Error' - Could not open the file: 
      
2005-10-18 20:28:45 - ERROR: Failed to load impression image C:\Projects\Widgie_Advertiser\NewsCaster.Screensaver\Worldcams\Media\\
      

2005-10-18 20:28:45 - [media missing] 'Image Error' - Could not open the file: 
      
2005-10-18 20:29:15 - Application Newscaster v1.0.177  Shutting down
