2012-06-06 18:22:25 - [id=0] Application NewsCasterD v1.0.38  Restarted (192.168.26.73/Ethernet LAN), Startup sequence begun...
2012-06-06 18:22:50 - [id=0] Downloaded XMLNews, 568883 bytes in 6.0 seconds
2012-06-06 18:23:45 - [id=0] Application NewsCasterD v1.0.38  Shutting down
2012-06-06 21:43:58 - [id=0] Application NewsCasterD v1.0.38  Restarted (192.168.245.1/Ethernet LAN), Startup sequence begun...
2012-06-06 21:44:09 - [id=0] Downloaded XMLNews, 537418 bytes in 3.9 seconds
2012-06-06 21:47:11 - [id=0] STATUS: Downloaded 13 bytes of new media content, 0/2 files
2012-06-06 21:48:49 - [id=0] STATUS: Downloaded 50 bytes of new media content, 0/2 files
2012-06-06 21:50:48 - [id=0] STATUS: Downloaded 50 bytes of new media content, 0/2 files
2012-06-06 21:52:58 - [id=0] STATUS: Downloaded 50 bytes of new media content, 0/2 files
2012-06-06 21:54:53 - [id=0] STATUS: Downloaded 50 bytes of new media content, 0/2 files
2012-06-06 21:57:03 - [id=0] STATUS: Downloaded 50 bytes of new media content, 0/2 files
2012-06-06 21:58:59 - [id=0] STATUS: Downloaded 50 bytes of new media content, 0/2 files
2012-06-06 22:01:10 - [id=0] STATUS: Downloaded 50 bytes of new media content, 0/2 files
2012-06-06 22:03:07 - [id=0] STATUS: Downloaded 50 bytes of new media content, 0/2 files
2012-06-06 22:05:17 - [id=0] STATUS: Downloaded 50 bytes of new media content, 0/2 files
2012-06-06 22:07:14 - [id=0] STATUS: Downloaded 50 bytes of new media content, 0/2 files
2012-06-06 22:09:26 - [id=0] STATUS: Downloaded 50 bytes of new media content, 0/2 files
2012-06-06 22:11:23 - [id=0] STATUS: Downloaded 50 bytes of new media content, 0/2 files
2012-06-06 22:13:32 - [id=0] STATUS: Downloaded 50 bytes of new media content, 0/2 files
2012-06-06 22:15:28 - [id=0] STATUS: Downloaded 50 bytes of new media content, 0/2 files
2012-06-06 22:17:39 - [id=0] STATUS: Downloaded 50 bytes of new media content, 0/2 files
2012-06-06 22:19:38 - [id=0] STATUS: Downloaded 50 bytes of new media content, 0/2 files
2012-06-06 22:21:49 - [id=0] STATUS: Downloaded 50 bytes of new media content, 0/2 files
2012-06-06 22:23:41 - [id=0] STATUS: Downloaded 50 bytes of new media content, 0/2 files
2012-06-06 22:25:51 - [id=0] STATUS: Downloaded 50 bytes of new media content, 0/2 files
2012-06-06 22:27:49 - [id=0] STATUS: Downloaded 50 bytes of new media content, 0/2 files
2012-06-06 22:29:55 - [id=0] Application NewsCasterD v1.0.38  Shutting down
2012-06-07 00:50:43 - [id=0] Application NewsCasterD v1.0.38  Restarted (192.168.245.1/Ethernet LAN), Startup sequence begun...
2012-06-07 00:51:09 - [id=0] Downloaded XMLNews, 568521 bytes in 19.3 seconds
2012-06-07 00:53:56 - [id=0] STATUS: Downloaded 14 bytes of new media content, 0/2 files
2012-06-07 00:55:30 - [id=0] STATUS: Downloaded 50 bytes of new media content, 0/2 files
2012-06-07 00:57:26 - [id=0] STATUS: Downloaded 50 bytes of new media content, 0/2 files
2012-06-07 00:59:36 - [id=0] STATUS: Downloaded 50 bytes of new media content, 0/2 files
2012-06-07 01:01:36 - [id=0] STATUS: Downloaded 50 bytes of new media content, 0/2 files
2012-06-07 01:01:38 - [id=0] Application NewsCasterD v1.0.38  Shutting down
2012-06-07 11:22:38 - [id=0] Application NewsCasterD v1.0.38  Restarted (192.168.26.73/Ethernet LAN), Startup sequence begun...
2012-06-07 11:23:00 - [id=0] Downloaded XMLNews, 570856 bytes in 10.2 seconds
2012-06-07 11:26:54 - [id=0] STATUS: Downloaded 13 bytes of new media content, 0/2 files
2012-06-07 11:28:15 - [id=0] STATUS: Downloaded 47 bytes of new media content, 0/2 files
2012-06-07 11:30:13 - [id=0] STATUS: Downloaded 49 bytes of new media content, 0/2 files
2012-06-07 11:32:23 - [id=0] STATUS: Downloaded 48 bytes of new media content, 0/2 files
2012-06-07 11:34:23 - [id=0] STATUS: Downloaded 49 bytes of new media content, 0/2 files
2012-06-07 11:36:31 - [id=0] STATUS: Downloaded 49 bytes of new media content, 0/2 files
2012-06-07 11:38:27 - [id=0] STATUS: Downloaded 49 bytes of new media content, 0/2 files
2012-06-07 11:40:37 - [id=0] STATUS: Downloaded 48 bytes of new media content, 0/2 files
2012-06-07 11:42:39 - [id=0] STATUS: Downloaded 49 bytes of new media content, 0/2 files
2012-06-07 11:44:44 - [id=0] STATUS: Downloaded 49 bytes of new media content, 0/2 files
2012-06-07 11:46:40 - [id=0] STATUS: Downloaded 49 bytes of new media content, 0/2 files
2012-06-07 11:48:53 - [id=0] STATUS: Downloaded 48 bytes of new media content, 0/2 files
2012-06-07 11:50:47 - [id=0] STATUS: Downloaded 49 bytes of new media content, 0/2 files
2012-06-07 11:52:57 - [id=0] STATUS: Downloaded 49 bytes of new media content, 0/2 files
2012-06-07 11:54:55 - [id=0] STATUS: Downloaded 49 bytes of new media content, 0/2 files
2012-06-07 11:57:11 - [id=0] STATUS: Downloaded 49 bytes of new media content, 0/2 files
2012-06-07 11:59:04 - [id=0] STATUS: Downloaded 49 bytes of new media content, 0/2 files
2012-06-07 12:01:42 - [id=0] STATUS: Downloaded 49 bytes of new media content, 0/2 files
2012-06-07 12:03:32 - [id=0] STATUS: Downloaded 49 bytes of new media content, 0/2 files
2012-06-07 12:05:20 - [id=0] STATUS: Downloaded 48 bytes of new media content, 0/2 files
2012-06-07 12:07:16 - [id=0] STATUS: Downloaded 49 bytes of new media content, 0/2 files
2012-06-07 12:09:31 - [id=0] STATUS: Downloaded 48 bytes of new media content, 0/2 files
2012-06-07 12:11:25 - [id=0] STATUS: Downloaded 49 bytes of new media content, 0/2 files
2012-06-07 12:13:35 - [id=0] STATUS: Downloaded 49 bytes of new media content, 0/2 files
2012-06-07 12:15:32 - [id=0] STATUS: Downloaded 49 bytes of new media content, 0/2 files
2012-06-07 12:18:11 - [id=0] STATUS: Downloaded 49 bytes of new media content, 0/2 files
2012-06-07 12:19:42 - [id=0] STATUS: Downloaded 49 bytes of new media content, 0/2 files
2012-06-07 12:21:50 - [id=0] STATUS: Downloaded 48 bytes of new media content, 0/2 files
2012-06-07 12:23:53 - [id=0] STATUS: Downloaded 49 bytes of new media content, 0/2 files
2012-06-07 12:24:01 - [id=0] Downloaded XMLNews, 582310 bytes in 6.7 seconds
2012-06-07 12:26:04 - [id=0] STATUS: Downloaded 49 bytes of new media content, 0/2 files
2012-06-07 12:27:57 - [id=0] STATUS: Downloaded 49 bytes of new media content, 0/2 files
2012-06-07 12:30:12 - [id=0] STATUS: Downloaded 48 bytes of new media content, 0/2 files
2012-06-07 12:32:05 - [id=0] STATUS: Downloaded 49 bytes of new media content, 0/2 files
2012-06-07 12:34:13 - [id=0] STATUS: Downloaded 49 bytes of new media content, 0/2 files
2012-06-07 12:36:23 - [id=0] STATUS: Downloaded 49 bytes of new media content, 0/2 files
2012-06-07 12:38:34 - [id=0] STATUS: Downloaded 48 bytes of new media content, 0/2 files
2012-06-07 12:40:15 - [id=0] STATUS: Downloaded 49 bytes of new media content, 0/2 files
2012-06-07 12:42:23 - [id=0] STATUS: Downloaded 49 bytes of new media content, 0/2 files
2012-06-07 12:44:19 - [id=0] STATUS: Downloaded 49 bytes of new media content, 0/2 files
2012-06-07 12:46:32 - [id=0] STATUS: Downloaded 49 bytes of new media content, 0/2 files
2012-06-07 12:48:28 - [id=0] STATUS: Downloaded 49 bytes of new media content, 0/2 files
2012-06-07 12:50:36 - [id=0] STATUS: Downloaded 49 bytes of new media content, 0/2 files
2012-06-07 12:52:33 - [id=0] STATUS: Downloaded 49 bytes of new media content, 0/2 files
2012-06-07 12:54:48 - [id=0] STATUS: Downloaded 48 bytes of new media content, 0/2 files
2012-06-07 12:56:47 - [id=0] STATUS: Downloaded 49 bytes of new media content, 0/2 files
2012-06-07 12:58:55 - [id=0] STATUS: Downloaded 49 bytes of new media content, 0/2 files
2012-06-07 13:00:51 - [id=0] STATUS: Downloaded 49 bytes of new media content, 0/2 files
2012-06-07 13:03:07 - [id=0] STATUS: Downloaded 48 bytes of new media content, 0/2 files
2012-06-07 13:05:01 - [id=0] STATUS: Downloaded 49 bytes of new media content, 0/2 files
2012-06-07 13:07:12 - [id=0] STATUS: Downloaded 49 bytes of new media content, 0/2 files
2012-06-07 13:09:05 - [id=0] STATUS: Downloaded 49 bytes of new media content, 0/2 files
2012-06-07 13:11:18 - [id=0] STATUS: Downloaded 49 bytes of new media content, 0/2 files
2012-06-07 13:13:14 - [id=0] STATUS: Downloaded 49 bytes of new media content, 0/2 files
2012-06-07 13:15:29 - [id=0] STATUS: Downloaded 49 bytes of new media content, 0/2 files
2012-06-07 13:17:22 - [id=0] STATUS: Downloaded 49 bytes of new media content, 0/2 files
2012-06-07 13:19:31 - [id=0] STATUS: Downloaded 49 bytes of new media content, 0/2 files
2012-06-07 13:21:32 - [id=0] STATUS: Downloaded 49 bytes of new media content, 0/2 files
2012-06-07 13:21:44 - [id=0] Application NewsCasterD v1.0.38  Shutting down
2012-06-07 17:08:35 - [id=0] Application NewsCasterD v1.0.38  Restarted (192.168.26.73/Ethernet LAN), Startup sequence begun...
2012-06-07 17:08:49 - [id=0] Downloaded XMLNews, 569388 bytes in 8.0 seconds
2012-06-07 17:13:53 - [id=0] STATUS: Downloaded 11 bytes of new media content, 0/2 files
2012-06-07 17:15:50 - [id=0] STATUS: Downloaded 49 bytes of new media content, 0/2 files
2012-06-07 17:17:54 - [id=0] STATUS: Downloaded 49 bytes of new media content, 0/2 files
2012-06-07 17:19:49 - [id=0] STATUS: Downloaded 49 bytes of new media content, 0/2 files
2012-06-07 17:22:05 - [id=0] STATUS: Downloaded 49 bytes of new media content, 0/2 files
2012-06-07 17:25:04 - [id=0] STATUS: Downloaded 48 bytes of new media content, 0/2 files
2012-06-07 17:27:17 - [id=0] STATUS: Downloaded 49 bytes of new media content, 0/2 files
2012-06-07 17:29:17 - [id=0] STATUS: Downloaded 49 bytes of new media content, 0/2 files
2012-06-07 17:31:20 - [id=0] STATUS: Downloaded 49 bytes of new media content, 0/2 files
2012-06-07 17:33:21 - [id=0] STATUS: Downloaded 49 bytes of new media content, 0/2 files
2012-06-07 17:35:42 - [id=0] STATUS: Downloaded 49 bytes of new media content, 0/2 files
2012-06-07 17:37:26 - [id=0] STATUS: Downloaded 49 bytes of new media content, 0/2 files
2012-06-07 17:39:35 - [id=0] STATUS: Downloaded 49 bytes of new media content, 0/2 files
2012-06-07 17:41:34 - [id=0] STATUS: Downloaded 49 bytes of new media content, 0/2 files
2012-06-07 17:43:43 - [id=0] STATUS: Downloaded 49 bytes of new media content, 0/2 files
2012-06-07 17:45:40 - [id=0] STATUS: Downloaded 49 bytes of new media content, 0/2 files
2012-06-07 17:47:48 - [id=0] STATUS: Downloaded 49 bytes of new media content, 0/2 files
2012-06-07 17:49:49 - [id=0] STATUS: Downloaded 49 bytes of new media content, 0/2 files
2012-06-07 17:51:59 - [id=0] STATUS: Downloaded 49 bytes of new media content, 0/2 files
2012-06-07 17:53:52 - [id=0] STATUS: Downloaded 49 bytes of new media content, 0/2 files
2012-06-07 17:56:04 - [id=0] STATUS: Downloaded 49 bytes of new media content, 0/2 files
2012-06-07 17:58:05 - [id=0] STATUS: Downloaded 49 bytes of new media content, 0/2 files
2012-06-07 18:00:11 - [id=0] STATUS: Downloaded 49 bytes of new media content, 0/2 files
2012-06-07 18:02:10 - [id=0] STATUS: Downloaded 49 bytes of new media content, 0/2 files
2012-06-07 18:04:00 - [id=0] STATUS: Downloaded 51 bytes of new media content, 0/2 files
2012-06-07 18:05:56 - [id=0] STATUS: Downloaded 52 bytes of new media content, 0/2 files
2012-06-07 18:08:06 - [id=0] STATUS: Downloaded 52 bytes of new media content, 0/2 files
2012-06-07 18:10:05 - [id=0] STATUS: Downloaded 52 bytes of new media content, 0/2 files
2012-06-07 18:12:15 - [id=0] STATUS: Downloaded 52 bytes of new media content, 0/2 files
2012-06-07 18:50:41 - [id=0] Application NewsCasterD v1.0.38  Shutting down
2012-06-07 21:03:17 - [id=0] Application NewsCasterD v1.0.38  Restarted (192.168.245.1/Ethernet LAN), Startup sequence begun...
2012-06-07 21:03:31 - [id=0] Downloaded XMLNews, 561639 bytes in 7.7 seconds
2012-06-07 21:07:12 - [id=0] STATUS: Downloaded 13 bytes of new media content, 0/2 files
2012-06-07 21:08:10 - [id=0] STATUS: Downloaded 49 bytes of new media content, 0/2 files
2012-06-07 21:10:02 - [id=0] STATUS: Downloaded 50 bytes of new media content, 0/2 files
2012-06-07 21:12:12 - [id=0] STATUS: Downloaded 50 bytes of new media content, 0/2 files
2012-06-07 21:14:08 - [id=0] STATUS: Downloaded 50 bytes of new media content, 0/2 files
2012-06-07 21:16:18 - [id=0] STATUS: Downloaded 50 bytes of new media content, 0/2 files
2012-06-07 21:18:16 - [id=0] STATUS: Downloaded 50 bytes of new media content, 0/2 files
2012-06-07 21:20:27 - [id=0] STATUS: Downloaded 50 bytes of new media content, 0/2 files
2012-06-07 21:22:24 - [id=0] STATUS: Downloaded 50 bytes of new media content, 0/2 files
2012-06-07 21:24:34 - [id=0] STATUS: Downloaded 50 bytes of new media content, 0/2 files
2012-06-07 21:26:30 - [id=0] STATUS: Downloaded 50 bytes of new media content, 0/2 files
2012-06-07 21:28:40 - [id=0] STATUS: Downloaded 50 bytes of new media content, 0/2 files
2012-06-07 21:30:36 - [id=0] STATUS: Downloaded 50 bytes of new media content, 0/2 files
2012-06-07 21:32:47 - [id=0] STATUS: Downloaded 50 bytes of new media content, 0/2 files
2012-06-07 21:34:44 - [id=0] STATUS: Downloaded 50 bytes of new media content, 0/2 files
2012-06-07 21:36:57 - [id=0] STATUS: Downloaded 50 bytes of new media content, 0/2 files
2012-06-07 21:38:54 - [id=0] STATUS: Downloaded 50 bytes of new media content, 0/2 files
2012-06-07 21:41:03 - [id=0] STATUS: Downloaded 50 bytes of new media content, 0/2 files
2012-06-07 21:43:02 - [id=0] STATUS: Downloaded 50 bytes of new media content, 0/2 files
2012-06-07 21:45:11 - [id=0] STATUS: Downloaded 50 bytes of new media content, 0/2 files
2012-06-07 21:47:07 - [id=0] STATUS: Downloaded 50 bytes of new media content, 0/2 files
2012-06-07 21:49:17 - [id=0] STATUS: Downloaded 50 bytes of new media content, 0/2 files
2012-06-07 21:51:17 - [id=0] STATUS: Downloaded 50 bytes of new media content, 0/2 files
2012-06-07 21:53:25 - [id=0] STATUS: Downloaded 50 bytes of new media content, 0/2 files
2012-06-07 21:55:22 - [id=0] STATUS: Downloaded 50 bytes of new media content, 0/2 files
2012-06-07 21:57:32 - [id=0] STATUS: Downloaded 50 bytes of new media content, 0/2 files
2012-06-07 21:59:29 - [id=0] STATUS: Downloaded 50 bytes of new media content, 0/2 files
2012-06-07 22:01:40 - [id=0] STATUS: Downloaded 50 bytes of new media content, 0/2 files
2012-06-07 22:03:36 - [id=0] STATUS: Downloaded 50 bytes of new media content, 0/2 files
2012-06-07 22:03:42 - [id=0] Downloaded XMLNews, 330501 bytes in 3.5 seconds
2012-06-07 22:05:54 - [id=0] STATUS: Downloaded 50 bytes of new media content, 0/2 files
2012-06-07 22:07:48 - [id=0] STATUS: Downloaded 50 bytes of new media content, 0/2 files
2012-06-07 22:09:59 - [id=0] STATUS: Downloaded 50 bytes of new media content, 0/2 files
2012-06-07 22:11:57 - [id=0] STATUS: Downloaded 50 bytes of new media content, 0/2 files
2012-06-07 22:14:06 - [id=0] STATUS: Downloaded 50 bytes of new media content, 0/2 files
2012-06-07 22:16:03 - [id=0] STATUS: Downloaded 50 bytes of new media content, 0/2 files
2012-06-07 22:18:13 - [id=0] STATUS: Downloaded 50 bytes of new media content, 0/2 files
2012-06-07 22:20:13 - [id=0] STATUS: Downloaded 50 bytes of new media content, 0/2 files
2012-06-07 22:22:21 - [id=0] STATUS: Downloaded 50 bytes of new media content, 0/2 files
2012-06-07 22:24:18 - [id=0] STATUS: Downloaded 50 bytes of new media content, 0/2 files
2012-06-07 22:26:28 - [id=0] STATUS: Downloaded 50 bytes of new media content, 0/2 files
2012-06-07 22:28:26 - [id=0] STATUS: Downloaded 50 bytes of new media content, 0/2 files
2012-06-07 22:30:36 - [id=0] STATUS: Downloaded 50 bytes of new media content, 0/2 files
2012-06-07 22:32:32 - [id=0] STATUS: Downloaded 50 bytes of new media content, 0/2 files
2012-06-07 22:34:42 - [id=0] STATUS: Downloaded 50 bytes of new media content, 0/2 files
2012-06-07 22:36:42 - [id=0] STATUS: Downloaded 50 bytes of new media content, 0/2 files
2012-06-08 09:44:00 - [id=0] Application NewsCasterD v1.0.38  Restarted (192.168.26.73/Ethernet LAN), Startup sequence begun...
2012-06-08 09:44:17 - [id=0] Downloaded XMLNews, 566839 bytes in 10.6 seconds
2012-06-08 09:48:01 - [id=0] STATUS: Downloaded 12 bytes of new media content, 0/2 files
2012-06-08 09:49:14 - [id=0] STATUS: Downloaded 49 bytes of new media content, 0/2 files
2012-06-08 09:51:05 - [id=0] STATUS: Downloaded 49 bytes of new media content, 0/2 files
2012-06-08 09:53:18 - [id=0] STATUS: Downloaded 48 bytes of new media content, 0/2 files
2012-06-08 09:55:18 - [id=0] STATUS: Downloaded 50 bytes of new media content, 0/2 files
2012-06-08 09:57:21 - [id=0] STATUS: Downloaded 49 bytes of new media content, 0/2 files
2012-06-08 09:59:19 - [id=0] STATUS: Downloaded 49 bytes of new media content, 0/2 files
2012-06-08 10:01:32 - [id=0] STATUS: Downloaded 48 bytes of new media content, 0/2 files
2012-06-08 10:03:28 - [id=0] STATUS: Downloaded 49 bytes of new media content, 0/2 files
2012-06-08 10:05:41 - [id=0] STATUS: Downloaded 49 bytes of new media content, 0/2 files
2012-06-08 10:07:31 - [id=0] STATUS: Downloaded 49 bytes of new media content, 0/2 files
2012-06-08 10:09:42 - [id=0] STATUS: Downloaded 49 bytes of new media content, 0/2 files
2012-06-08 10:11:39 - [id=0] STATUS: Downloaded 49 bytes of new media content, 0/2 files
2012-06-08 10:13:49 - [id=0] STATUS: Downloaded 49 bytes of new media content, 0/2 files
2012-06-08 10:15:47 - [id=0] STATUS: Downloaded 49 bytes of new media content, 0/2 files
2012-06-08 10:17:57 - [id=0] STATUS: Downloaded 49 bytes of new media content, 0/2 files
2012-06-08 10:19:53 - [id=0] STATUS: Downloaded 49 bytes of new media content, 0/2 files
2012-06-08 10:22:02 - [id=0] STATUS: Downloaded 49 bytes of new media content, 0/2 files
2012-06-08 10:24:00 - [id=0] STATUS: Downloaded 49 bytes of new media content, 0/2 files
2012-06-08 10:26:20 - [id=0] STATUS: Downloaded 48 bytes of new media content, 0/2 files
2012-06-08 10:28:07 - [id=0] STATUS: Downloaded 49 bytes of new media content, 0/2 files
2012-06-08 10:30:16 - [id=0] STATUS: Downloaded 49 bytes of new media content, 0/2 files
2012-06-08 10:32:14 - [id=0] STATUS: Downloaded 49 bytes of new media content, 0/2 files
2012-06-08 10:34:24 - [id=0] STATUS: Downloaded 48 bytes of new media content, 0/2 files
2012-06-08 10:36:31 - [id=0] STATUS: Downloaded 49 bytes of new media content, 0/2 files
2012-06-08 10:38:32 - [id=0] STATUS: Downloaded 49 bytes of new media content, 0/2 files
2012-06-08 10:40:26 - [id=0] STATUS: Downloaded 49 bytes of new media content, 0/2 files
2012-06-08 10:42:37 - [id=0] STATUS: Downloaded 48 bytes of new media content, 0/2 files
2012-06-08 10:44:34 - [id=0] STATUS: Downloaded 49 bytes of new media content, 0/2 files
2012-06-08 10:44:46 - [id=0] Downloaded XMLNews, 470749 bytes in 6.3 seconds
2012-06-08 10:46:43 - [id=0] STATUS: Downloaded 49 bytes of new media content, 0/2 files
2012-06-08 10:48:41 - [id=0] STATUS: Downloaded 49 bytes of new media content, 0/2 files
2012-06-08 10:50:51 - [id=0] STATUS: Downloaded 48 bytes of new media content, 0/2 files
2012-06-08 10:52:50 - [id=0] STATUS: Downloaded 49 bytes of new media content, 0/2 files
2012-06-08 10:55:00 - [id=0] STATUS: Downloaded 49 bytes of new media content, 0/2 files
2012-06-08 10:56:57 - [id=0] STATUS: Downloaded 49 bytes of new media content, 0/2 files
2012-06-08 10:59:07 - [id=0] STATUS: Downloaded 48 bytes of new media content, 0/2 files
2012-06-08 11:01:07 - [id=0] STATUS: Downloaded 49 bytes of new media content, 0/2 files
2012-06-08 11:03:12 - [id=0] STATUS: Downloaded 49 bytes of new media content, 0/2 files
2012-06-08 11:05:12 - [id=0] STATUS: Downloaded 49 bytes of new media content, 0/2 files
2012-06-08 11:07:19 - [id=0] STATUS: Downloaded 49 bytes of new media content, 0/2 files
2012-06-08 11:09:19 - [id=0] STATUS: Downloaded 49 bytes of new media content, 0/2 files
2012-06-08 11:11:32 - [id=0] STATUS: Downloaded 49 bytes of new media content, 0/2 files
2012-06-08 11:13:23 - [id=0] STATUS: Downloaded 49 bytes of new media content, 0/2 files
2012-06-08 11:15:34 - [id=0] STATUS: Downloaded 49 bytes of new media content, 0/2 files
2012-06-08 11:17:29 - [id=0] STATUS: Downloaded 49 bytes of new media content, 0/2 files
2012-06-08 11:19:39 - [id=0] STATUS: Downloaded 49 bytes of new media content, 0/2 files
2012-06-08 11:21:37 - [id=0] STATUS: Downloaded 49 bytes of new media content, 0/2 files
2012-06-08 11:23:57 - [id=0] STATUS: Downloaded 48 bytes of new media content, 0/2 files
2012-06-08 11:25:46 - [id=0] STATUS: Downloaded 49 bytes of new media content, 0/2 files
2012-06-08 11:31:11 - [id=0] STATUS: Downloaded 52 bytes of new media content, 0/2 files
2012-06-08 11:36:34 - [id=0] STATUS: Downloaded 52 bytes of new media content, 0/2 files
2012-06-08 11:40:34 - [id=0] STATUS: Downloaded 52 bytes of new media content, 0/2 files
2012-06-08 11:45:07 - [id=0] STATUS: Downloaded 52 bytes of new media content, 0/2 files
2012-06-08 11:50:36 - [id=0] STATUS: Downloaded 52 bytes of new media content, 0/2 files
2012-06-08 11:55:04 - [id=0] STATUS: Downloaded 52 bytes of new media content, 0/2 files
2012-06-08 11:59:38 - [id=0] STATUS: Downloaded 52 bytes of new media content, 0/2 files
2012-06-08 12:03:25 - [id=0] STATUS: Downloaded 52 bytes of new media content, 0/2 files
2012-06-08 12:07:25 - [id=0] STATUS: Downloaded 52 bytes of new media content, 0/2 files
2012-06-08 12:11:58 - [id=0] STATUS: Downloaded 52 bytes of new media content, 0/2 files
2012-06-08 12:15:45 - [id=0] STATUS: Downloaded 52 bytes of new media content, 0/2 files
2012-06-08 12:19:45 - [id=0] STATUS: Downloaded 52 bytes of new media content, 0/2 files
2012-06-08 12:24:19 - [id=0] STATUS: Downloaded 52 bytes of new media content, 0/2 files
2012-06-08 12:28:06 - [id=0] STATUS: Downloaded 52 bytes of new media content, 0/2 files
2012-06-08 12:32:06 - [id=0] STATUS: Downloaded 52 bytes of new media content, 0/2 files
2012-06-08 12:36:39 - [id=0] STATUS: Downloaded 52 bytes of new media content, 0/2 files
2012-06-08 12:40:42 - [id=0] STATUS: Downloaded 52 bytes of new media content, 0/2 files
2012-06-08 12:44:26 - [id=0] STATUS: Downloaded 52 bytes of new media content, 0/2 files
2012-06-08 12:49:00 - [id=0] STATUS: Downloaded 52 bytes of new media content, 0/2 files
2012-06-08 12:54:29 - [id=0] STATUS: Downloaded 52 bytes of new media content, 0/2 files
2012-06-08 12:58:44 - [id=0] STATUS: Downloaded 52 bytes of new media content, 0/2 files
2012-06-08 13:03:36 - [id=0] STATUS: Downloaded 52 bytes of new media content, 0/2 files
2012-06-08 13:09:17 - [id=0] STATUS: Downloaded 52 bytes of new media content, 0/2 files
2012-06-08 13:13:19 - [id=0] STATUS: Downloaded 52 bytes of new media content, 0/2 files
2012-06-08 13:18:36 - [id=0] STATUS: Downloaded 52 bytes of new media content, 0/2 files
2012-06-08 13:20:37 - [id=0] STATUS: Downloaded 52 bytes of new media content, 0/2 files
2012-06-08 13:22:42 - [id=0] STATUS: Downloaded 52 bytes of new media content, 0/2 files
2012-06-08 13:25:53 - [id=0] STATUS: Downloaded 52 bytes of new media content, 0/2 files
2012-06-08 13:26:51 - [id=0] STATUS: Downloaded 52 bytes of new media content, 0/2 files
2012-06-08 13:28:46 - [id=0] STATUS: Downloaded 52 bytes of new media content, 0/2 files
2012-06-08 13:32:31 - [id=0] STATUS: Downloaded 52 bytes of new media content, 0/2 files
2012-06-08 13:35:05 - [id=0] STATUS: Downloaded 52 bytes of new media content, 0/2 files
2012-06-08 13:37:00 - [id=0] STATUS: Downloaded 52 bytes of new media content, 0/2 files
2012-06-08 13:39:36 - [id=0] STATUS: Downloaded 52 bytes of new media content, 0/2 files
2012-06-08 13:41:08 - [id=0] STATUS: Downloaded 52 bytes of new media content, 0/2 files
2012-06-08 13:43:17 - [id=0] STATUS: Downloaded 52 bytes of new media content, 0/2 files
2012-06-08 13:46:25 - [id=0] STATUS: Downloaded 52 bytes of new media content, 0/2 files
2012-06-08 13:47:25 - [id=0] STATUS: Downloaded 52 bytes of new media content, 0/2 files
2012-06-08 13:49:20 - [id=0] STATUS: Downloaded 52 bytes of new media content, 0/2 files
2012-06-08 13:53:24 - [id=0] STATUS: Downloaded 52 bytes of new media content, 0/2 files
2012-06-08 13:55:39 - [id=0] STATUS: Downloaded 52 bytes of new media content, 0/2 files
2012-06-08 13:57:35 - [id=0] STATUS: Downloaded 52 bytes of new media content, 0/2 files
2012-06-08 14:00:30 - [id=0] STATUS: Downloaded 52 bytes of new media content, 0/2 files
2012-06-08 14:01:43 - [id=0] STATUS: Downloaded 52 bytes of new media content, 0/2 files
2012-06-08 14:03:51 - [id=0] STATUS: Downloaded 52 bytes of new media content, 0/2 files
2012-06-08 14:07:35 - [id=0] STATUS: Downloaded 52 bytes of new media content, 0/2 files
2012-06-08 14:09:57 - [id=0] STATUS: Downloaded 52 bytes of new media content, 0/2 files
2012-06-08 14:13:58 - [id=0] STATUS: Downloaded 52 bytes of new media content, 0/2 files
2012-06-08 14:16:18 - [id=0] STATUS: Downloaded 52 bytes of new media content, 0/2 files
2012-06-08 14:18:10 - [id=0] STATUS: Downloaded 52 bytes of new media content, 0/2 files
2012-06-08 14:20:57 - [id=0] STATUS: Downloaded 52 bytes of new media content, 0/2 files
2012-06-08 14:22:22 - [id=0] STATUS: Downloaded 52 bytes of new media content, 0/2 files
2012-06-08 14:24:27 - [id=0] STATUS: Downloaded 52 bytes of new media content, 0/2 files
2012-06-08 14:28:13 - [id=0] STATUS: Downloaded 52 bytes of new media content, 0/2 files
2012-06-08 14:30:35 - [id=0] STATUS: Downloaded 52 bytes of new media content, 0/2 files
2012-06-08 14:32:40 - [id=0] STATUS: Downloaded 52 bytes of new media content, 0/2 files
2012-06-08 14:35:11 - [id=0] STATUS: Downloaded 52 bytes of new media content, 0/2 files
2012-06-08 14:36:52 - [id=0] STATUS: Downloaded 52 bytes of new media content, 0/2 files
2012-06-08 14:38:44 - [id=0] STATUS: Downloaded 52 bytes of new media content, 0/2 files
2012-06-08 14:42:33 - [id=0] STATUS: Downloaded 52 bytes of new media content, 0/2 files
2012-06-08 14:45:05 - [id=0] STATUS: Downloaded 52 bytes of new media content, 0/2 files
2012-06-08 14:46:57 - [id=0] STATUS: Downloaded 52 bytes of new media content, 0/2 files
2012-06-08 14:49:27 - [id=0] STATUS: Downloaded 52 bytes of new media content, 0/2 files
2012-06-08 14:51:09 - [id=0] STATUS: Downloaded 52 bytes of new media content, 0/2 files
2012-06-08 14:53:14 - [id=0] STATUS: Downloaded 52 bytes of new media content, 0/2 files
2012-06-08 14:55:49 - [id=0] STATUS: Downloaded 52 bytes of new media content, 0/2 files
2012-06-08 14:57:28 - [id=0] STATUS: Downloaded 52 bytes of new media content, 0/2 files
2012-06-08 14:59:19 - [id=0] STATUS: Downloaded 52 bytes of new media content, 0/2 files
2012-06-08 15:02:53 - [id=0] STATUS: Downloaded 52 bytes of new media content, 0/2 files
2012-06-08 15:05:41 - [id=0] STATUS: Downloaded 52 bytes of new media content, 0/2 files
2012-06-08 15:07:33 - [id=0] STATUS: Downloaded 52 bytes of new media content, 0/2 files
2012-06-08 15:10:21 - [id=0] STATUS: Downloaded 52 bytes of new media content, 0/2 files
2012-06-08 15:11:44 - [id=0] STATUS: Downloaded 52 bytes of new media content, 0/2 files
2012-06-08 15:13:50 - [id=0] STATUS: Downloaded 52 bytes of new media content, 0/2 files
2012-06-08 15:17:33 - [id=0] STATUS: Downloaded 52 bytes of new media content, 0/2 files
2012-06-08 15:19:58 - [id=0] STATUS: Downloaded 52 bytes of new media content, 0/2 files
2012-06-08 15:22:03 - [id=0] STATUS: Downloaded 52 bytes of new media content, 0/2 files
2012-06-08 15:25:03 - [id=0] STATUS: Downloaded 52 bytes of new media content, 0/2 files
2012-06-08 15:26:15 - [id=0] STATUS: Downloaded 52 bytes of new media content, 0/2 files
2012-06-08 15:28:07 - [id=0] STATUS: Downloaded 52 bytes of new media content, 0/2 files
2012-06-08 15:32:10 - [id=0] STATUS: Downloaded 52 bytes of new media content, 0/2 files
2012-06-08 15:34:29 - [id=0] STATUS: Downloaded 52 bytes of new media content, 0/2 files
2012-06-08 15:36:20 - [id=0] STATUS: Downloaded 52 bytes of new media content, 0/2 files
2012-06-08 15:39:27 - [id=0] STATUS: Downloaded 52 bytes of new media content, 0/2 files
2012-06-08 15:40:32 - [id=0] STATUS: Downloaded 52 bytes of new media content, 0/2 files
2012-06-08 15:42:37 - [id=0] STATUS: Downloaded 52 bytes of new media content, 0/2 files
2012-06-08 15:46:23 - [id=0] STATUS: Downloaded 52 bytes of new media content, 0/2 files
2012-06-08 15:48:45 - [id=0] STATUS: Downloaded 52 bytes of new media content, 0/2 files
2012-06-08 15:50:51 - [id=0] STATUS: Downloaded 52 bytes of new media content, 0/2 files
2012-06-08 15:53:19 - [id=0] STATUS: Downloaded 52 bytes of new media content, 0/2 files
2012-06-08 15:55:02 - [id=0] STATUS: Downloaded 52 bytes of new media content, 0/2 files
2012-06-08 15:56:54 - [id=0] STATUS: Downloaded 52 bytes of new media content, 0/2 files
2012-06-08 16:00:17 - [id=0] STATUS: Downloaded 52 bytes of new media content, 0/2 files
2012-06-08 16:01:08 - [id=0] STATUS: Downloaded 52 bytes of new media content, 0/2 files
2012-06-08 16:03:13 - [id=0] STATUS: Downloaded 52 bytes of new media content, 0/2 files
2012-06-08 16:07:02 - [id=0] STATUS: Downloaded 52 bytes of new media content, 0/2 files
2012-06-08 16:09:22 - [id=0] STATUS: Downloaded 52 bytes of new media content, 0/2 files
2012-06-08 16:11:27 - [id=0] STATUS: Downloaded 52 bytes of new media content, 0/2 files
2012-06-08 16:14:40 - [id=0] STATUS: Downloaded 52 bytes of new media content, 0/2 files
2012-06-08 16:15:38 - [id=0] STATUS: Downloaded 52 bytes of new media content, 0/2 files
2012-06-08 16:17:30 - [id=0] STATUS: Downloaded 52 bytes of new media content, 0/2 files
2012-06-08 16:21:19 - [id=0] STATUS: Downloaded 52 bytes of new media content, 0/2 files
2012-06-08 16:23:52 - [id=0] STATUS: Downloaded 52 bytes of new media content, 0/2 files
2012-06-08 16:25:44 - [id=0] STATUS: Downloaded 52 bytes of new media content, 0/2 files
2012-06-08 16:28:23 - [id=0] STATUS: Downloaded 52 bytes of new media content, 0/2 files
2012-06-08 16:29:55 - [id=0] STATUS: Downloaded 52 bytes of new media content, 0/2 files
2012-06-08 16:32:01 - [id=0] STATUS: Downloaded 52 bytes of new media content, 0/2 files
2012-06-08 16:35:16 - [id=0] STATUS: Downloaded 52 bytes of new media content, 0/2 files
2012-06-08 16:36:12 - [id=0] STATUS: Downloaded 52 bytes of new media content, 0/2 files
2012-06-08 16:38:04 - [id=0] STATUS: Downloaded 52 bytes of new media content, 0/2 files
2012-06-08 16:40:13 - [id=0] STATUS: Downloaded 52 bytes of new media content, 0/2 files
2012-06-08 16:42:55 - [id=0] STATUS: Downloaded 52 bytes of new media content, 0/2 files
2012-06-08 16:44:21 - [id=0] STATUS: Downloaded 52 bytes of new media content, 0/2 files
2012-06-08 16:46:16 - [id=0] STATUS: Downloaded 52 bytes of new media content, 0/2 files
2012-06-08 16:50:05 - [id=0] STATUS: Downloaded 52 bytes of new media content, 0/2 files
2012-06-08 16:52:35 - [id=0] STATUS: Downloaded 52 bytes of new media content, 0/2 files
2012-06-08 16:54:30 - [id=0] STATUS: Downloaded 52 bytes of new media content, 0/2 files
2012-06-08 16:57:02 - [id=0] STATUS: Downloaded 52 bytes of new media content, 0/2 files
2012-06-08 16:58:39 - [id=0] STATUS: Downloaded 52 bytes of new media content, 0/2 files
2012-06-08 17:00:47 - [id=0] STATUS: Downloaded 52 bytes of new media content, 0/2 files
2012-06-08 17:04:19 - [id=0] STATUS: Downloaded 52 bytes of new media content, 0/2 files
2012-06-08 17:06:52 - [id=0] STATUS: Downloaded 52 bytes of new media content, 0/2 files
2012-06-08 17:10:54 - [id=0] STATUS: Downloaded 52 bytes of new media content, 0/2 files
2012-06-08 17:13:12 - [id=0] STATUS: Downloaded 52 bytes of new media content, 0/2 files
2012-06-08 17:15:08 - [id=0] STATUS: Downloaded 52 bytes of new media content, 0/2 files
2012-06-08 17:18:46 - [id=0] STATUS: Downloaded 52 bytes of new media content, 0/2 files
2012-06-08 17:21:25 - [id=0] STATUS: Downloaded 52 bytes of new media content, 0/2 files
2012-06-08 17:25:05 - [id=0] STATUS: Downloaded 52 bytes of new media content, 0/2 files
2012-06-08 17:27:29 - [id=0] STATUS: Downloaded 52 bytes of new media content, 0/2 files
2012-06-08 17:29:39 - [id=0] STATUS: Downloaded 52 bytes of new media content, 0/2 files
2012-06-08 17:32:41 - [id=0] STATUS: Downloaded 52 bytes of new media content, 0/2 files
2012-06-08 17:33:46 - [id=0] STATUS: Downloaded 52 bytes of new media content, 0/2 files
2012-06-08 17:35:42 - [id=0] STATUS: Downloaded 52 bytes of new media content, 0/2 files
2012-06-08 17:39:41 - [id=0] STATUS: Downloaded 52 bytes of new media content, 0/2 files
2012-06-08 17:41:59 - [id=0] STATUS: Downloaded 52 bytes of new media content, 0/2 files
2012-06-08 17:43:56 - [id=0] STATUS: Downloaded 52 bytes of new media content, 0/2 files
2012-06-08 17:46:30 - [id=0] STATUS: Downloaded 52 bytes of new media content, 0/2 files
2012-06-08 17:48:03 - [id=0] STATUS: Downloaded 52 bytes of new media content, 0/2 files
2012-06-08 17:50:13 - [id=0] STATUS: Downloaded 52 bytes of new media content, 0/2 files
2012-06-08 17:53:44 - [id=0] STATUS: Downloaded 52 bytes of new media content, 0/2 files
2012-06-08 17:56:17 - [id=0] STATUS: Downloaded 52 bytes of new media content, 0/2 files
2012-06-08 18:00:19 - [id=0] STATUS: Downloaded 52 bytes of new media content, 0/2 files
2012-06-08 18:02:35 - [id=0] STATUS: Downloaded 52 bytes of new media content, 0/2 files
2012-06-08 18:06:26 - [id=0] STATUS: Downloaded 52 bytes of new media content, 0/2 files
2012-06-08 18:08:40 - [id=0] STATUS: Downloaded 52 bytes of new media content, 0/2 files
2012-06-08 18:10:50 - [id=0] STATUS: Downloaded 52 bytes of new media content, 0/2 files
2012-06-08 18:13:51 - [id=0] STATUS: Downloaded 52 bytes of new media content, 0/2 files
2012-06-08 18:13:52 - [id=0] Application NewsCasterD v1.0.38  Shutting down
2012-06-09 01:41:41 - [id=0] Application NewsCasterD v1.0.38  Restarted (192.168.245.1/Ethernet LAN), Startup sequence begun...
2012-06-09 01:41:56 - [id=0] Downloaded XMLNews, 452087 bytes in 8.8 seconds
2012-06-09 01:44:54 - [id=0] STATUS: Downloaded 11 bytes of new media content, 0/2 files
2012-06-09 01:46:28 - [id=0] STATUS: Downloaded 50 bytes of new media content, 0/2 files
2012-06-09 01:48:23 - [id=0] STATUS: Downloaded 50 bytes of new media content, 0/2 files
2012-06-09 01:50:34 - [id=0] STATUS: Downloaded 50 bytes of new media content, 0/2 files
2012-06-09 01:52:31 - [id=0] STATUS: Downloaded 50 bytes of new media content, 0/2 files
2012-06-09 01:54:41 - [id=0] STATUS: Downloaded 50 bytes of new media content, 0/2 files
2012-06-09 01:56:37 - [id=0] STATUS: Downloaded 50 bytes of new media content, 0/2 files
2012-06-09 01:58:47 - [id=0] STATUS: Downloaded 50 bytes of new media content, 0/2 files
2012-06-09 02:00:44 - [id=0] STATUS: Downloaded 50 bytes of new media content, 0/2 files
2012-06-09 02:02:57 - [id=0] STATUS: Downloaded 50 bytes of new media content, 0/2 files
2012-06-09 02:04:52 - [id=0] STATUS: Downloaded 50 bytes of new media content, 0/2 files
2012-06-09 02:07:00 - [id=0] STATUS: Downloaded 50 bytes of new media content, 0/2 files
2012-06-09 02:08:58 - [id=0] STATUS: Downloaded 50 bytes of new media content, 0/2 files
2012-06-09 02:11:09 - [id=0] STATUS: Downloaded 50 bytes of new media content, 0/2 files
2012-06-09 02:13:06 - [id=0] STATUS: Downloaded 50 bytes of new media content, 0/2 files
2012-06-09 02:15:15 - [id=0] STATUS: Downloaded 50 bytes of new media content, 0/2 files
2012-06-09 02:17:13 - [id=0] STATUS: Downloaded 50 bytes of new media content, 0/2 files
2012-06-09 02:19:22 - [id=0] STATUS: Downloaded 50 bytes of new media content, 0/2 files
2012-06-09 02:21:20 - [id=0] STATUS: Downloaded 50 bytes of new media content, 0/2 files
2012-06-09 02:23:29 - [id=0] STATUS: Downloaded 50 bytes of new media content, 0/2 files
2012-06-09 02:25:27 - [id=0] STATUS: Downloaded 50 bytes of new media content, 0/2 files
2012-06-09 02:27:36 - [id=0] STATUS: Downloaded 50 bytes of new media content, 0/2 files
2012-06-09 02:29:36 - [id=0] STATUS: Downloaded 50 bytes of new media content, 0/2 files
2012-06-09 02:31:45 - [id=0] STATUS: Downloaded 50 bytes of new media content, 0/2 files
2012-06-09 02:33:42 - [id=0] STATUS: Downloaded 50 bytes of new media content, 0/2 files
2012-06-09 02:35:52 - [id=0] STATUS: Downloaded 50 bytes of new media content, 0/2 files
2012-06-09 02:37:49 - [id=0] STATUS: Downloaded 50 bytes of new media content, 0/2 files
2012-06-09 02:39:57 - [id=0] STATUS: Downloaded 50 bytes of new media content, 0/2 files
2012-06-09 02:41:57 - [id=0] STATUS: Downloaded 50 bytes of new media content, 0/2 files
2012-06-09 02:42:04 - [id=0] Downloaded XMLNews, 260475 bytes in 3.2 seconds
2012-06-09 02:44:06 - [id=0] STATUS: Downloaded 50 bytes of new media content, 0/2 files
2012-06-09 02:46:02 - [id=0] STATUS: Downloaded 50 bytes of new media content, 0/2 files
2012-06-09 02:48:14 - [id=0] STATUS: Downloaded 50 bytes of new media content, 0/2 files
2012-06-09 02:50:13 - [id=0] STATUS: Downloaded 50 bytes of new media content, 0/2 files
2012-06-09 02:52:19 - [id=0] STATUS: Downloaded 50 bytes of new media content, 0/2 files
2012-06-09 02:54:18 - [id=0] STATUS: Downloaded 50 bytes of new media content, 0/2 files
2012-06-09 02:56:28 - [id=0] STATUS: Downloaded 50 bytes of new media content, 0/2 files
2012-06-09 02:58:24 - [id=0] STATUS: Downloaded 50 bytes of new media content, 0/2 files
2012-06-09 03:00:37 - [id=0] STATUS: Downloaded 50 bytes of new media content, 0/2 files
2012-06-09 03:02:33 - [id=0] STATUS: Downloaded 50 bytes of new media content, 0/2 files
2012-06-09 03:04:44 - [id=0] STATUS: Downloaded 50 bytes of new media content, 0/2 files
2012-06-09 03:06:39 - [id=0] STATUS: Downloaded 50 bytes of new media content, 0/2 files
2012-06-09 03:08:52 - [id=0] STATUS: Downloaded 50 bytes of new media content, 0/2 files
2012-06-09 03:10:50 - [id=0] STATUS: Downloaded 50 bytes of new media content, 0/2 files
2012-06-09 03:13:00 - [id=0] STATUS: Downloaded 50 bytes of new media content, 0/2 files
2012-06-09 03:14:58 - [id=0] STATUS: Downloaded 50 bytes of new media content, 0/2 files
2012-06-09 03:17:07 - [id=0] STATUS: Downloaded 50 bytes of new media content, 0/2 files
2012-06-09 03:19:04 - [id=0] STATUS: Downloaded 50 bytes of new media content, 0/2 files
2012-06-09 03:21:17 - [id=0] STATUS: Downloaded 50 bytes of new media content, 0/2 files
2012-06-09 03:23:15 - [id=0] STATUS: Downloaded 50 bytes of new media content, 0/2 files
2012-06-09 03:25:21 - [id=0] STATUS: Downloaded 50 bytes of new media content, 0/2 files
2012-06-09 03:27:18 - [id=0] STATUS: Downloaded 50 bytes of new media content, 0/2 files
2012-06-09 03:29:29 - [id=0] STATUS: Downloaded 50 bytes of new media content, 0/2 files
2012-06-09 03:31:24 - [id=0] STATUS: Downloaded 50 bytes of new media content, 0/2 files
2012-06-09 03:33:35 - [id=0] STATUS: Downloaded 50 bytes of new media content, 0/2 files
2012-06-09 03:35:34 - [id=0] STATUS: Downloaded 50 bytes of new media content, 0/2 files
2012-06-09 03:37:47 - [id=0] STATUS: Downloaded 50 bytes of new media content, 0/2 files
2012-06-09 03:39:43 - [id=0] STATUS: Downloaded 50 bytes of new media content, 0/2 files
2012-06-09 03:41:50 - [id=0] STATUS: Downloaded 50 bytes of new media content, 0/2 files
2012-06-09 03:42:25 - [id=0] Downloaded XMLNews, 353033 bytes in 18.3 seconds
2012-06-09 03:43:54 - [id=0] STATUS: Downloaded 50 bytes of new media content, 0/2 files
2012-06-09 03:46:03 - [id=0] STATUS: Downloaded 50 bytes of new media content, 0/2 files
2012-06-09 03:48:30 - [id=0] STATUS: Downloaded 50 bytes of new media content, 0/2 files
2012-06-09 03:51:09 - [id=0] STATUS: Downloaded 50 bytes of new media content, 0/2 files
2012-06-09 03:53:10 - [id=0] STATUS: Downloaded 50 bytes of new media content, 0/2 files
2012-06-09 03:55:18 - [id=0] STATUS: Downloaded 50 bytes of new media content, 0/2 files
2012-06-09 03:57:18 - [id=0] STATUS: Downloaded 50 bytes of new media content, 0/2 files
2012-06-09 03:59:26 - [id=0] STATUS: Downloaded 50 bytes of new media content, 0/2 files
2012-06-09 04:01:23 - [id=0] STATUS: Downloaded 50 bytes of new media content, 0/2 files
2012-06-09 04:03:35 - [id=0] STATUS: Downloaded 50 bytes of new media content, 0/2 files
2012-06-09 04:05:08 - [id=0] STATUS: Downloaded 50 bytes of new media content, 0/2 files
2012-06-09 04:06:39 - [id=0] STATUS: Downloaded 50 bytes of new media content, 0/2 files
2012-06-09 04:08:36 - [id=0] STATUS: Downloaded 50 bytes of new media content, 0/2 files
2012-06-09 04:10:48 - [id=0] STATUS: Downloaded 50 bytes of new media content, 0/2 files
2012-06-09 04:12:46 - [id=0] STATUS: Downloaded 50 bytes of new media content, 0/2 files
2012-06-09 04:14:54 - [id=0] STATUS: Downloaded 50 bytes of new media content, 0/2 files
2012-06-09 04:16:50 - [id=0] STATUS: Downloaded 50 bytes of new media content, 0/2 files
2012-06-09 04:19:03 - [id=0] STATUS: Downloaded 50 bytes of new media content, 0/2 files
2012-06-09 04:21:00 - [id=0] STATUS: Downloaded 50 bytes of new media content, 0/2 files
2012-06-09 04:23:08 - [id=0] STATUS: Downloaded 50 bytes of new media content, 0/2 files
2012-06-09 04:25:06 - [id=0] STATUS: Downloaded 50 bytes of new media content, 0/2 files
2012-06-09 04:27:16 - [id=0] STATUS: Downloaded 50 bytes of new media content, 0/2 files
2012-06-09 04:29:17 - [id=0] STATUS: Downloaded 50 bytes of new media content, 0/2 files
2012-06-09 04:31:21 - [id=0] STATUS: Downloaded 50 bytes of new media content, 0/2 files
2012-06-09 04:33:22 - [id=0] STATUS: Downloaded 50 bytes of new media content, 0/2 files
2012-06-09 04:35:30 - [id=0] STATUS: Downloaded 50 bytes of new media content, 0/2 files
2012-06-09 04:37:26 - [id=0] STATUS: Downloaded 50 bytes of new media content, 0/2 files
2012-06-09 04:39:39 - [id=0] STATUS: Downloaded 50 bytes of new media content, 0/2 files
2012-06-09 04:41:33 - [id=0] STATUS: Downloaded 50 bytes of new media content, 0/2 files
2012-06-09 04:42:36 - [id=0] Downloaded XMLNews, 302696 bytes in 5.5 seconds
2012-06-09 04:43:52 - [id=0] STATUS: Downloaded 50 bytes of new media content, 0/2 files
2012-06-09 04:45:47 - [id=0] STATUS: Downloaded 50 bytes of new media content, 0/2 files
2012-06-09 04:47:58 - [id=0] STATUS: Downloaded 50 bytes of new media content, 0/2 files
2012-06-09 04:49:54 - [id=0] STATUS: Downloaded 50 bytes of new media content, 0/2 files
2012-06-09 04:52:05 - [id=0] STATUS: Downloaded 50 bytes of new media content, 0/2 files
2012-06-09 04:54:03 - [id=0] STATUS: Downloaded 50 bytes of new media content, 0/2 files
2012-06-09 04:56:11 - [id=0] STATUS: Downloaded 50 bytes of new media content, 0/2 files
2012-06-09 04:58:08 - [id=0] STATUS: Downloaded 50 bytes of new media content, 0/2 files
2012-06-09 05:00:19 - [id=0] STATUS: Downloaded 50 bytes of new media content, 0/2 files
2012-06-09 05:02:16 - [id=0] STATUS: Downloaded 50 bytes of new media content, 0/2 files
2012-06-09 05:04:29 - [id=0] STATUS: Downloaded 50 bytes of new media content, 0/2 files
2012-06-09 05:06:24 - [id=0] STATUS: Downloaded 50 bytes of new media content, 0/2 files
2012-06-09 05:08:33 - [id=0] STATUS: Downloaded 50 bytes of new media content, 0/2 files
2012-06-09 05:10:29 - [id=0] STATUS: Downloaded 50 bytes of new media content, 0/2 files
2012-06-09 05:12:43 - [id=0] STATUS: Downloaded 50 bytes of new media content, 0/2 files
2012-06-09 05:14:37 - [id=0] STATUS: Downloaded 50 bytes of new media content, 0/2 files
2012-06-09 05:16:51 - [id=0] STATUS: Downloaded 50 bytes of new media content, 0/2 files
2012-06-09 05:18:45 - [id=0] STATUS: Downloaded 50 bytes of new media content, 0/2 files
2012-06-09 05:20:56 - [id=0] STATUS: Downloaded 50 bytes of new media content, 0/2 files
2012-06-09 05:22:52 - [id=0] STATUS: Downloaded 50 bytes of new media content, 0/2 files
2012-06-09 05:25:02 - [id=0] STATUS: Downloaded 50 bytes of new media content, 0/2 files
2012-06-09 05:27:01 - [id=0] STATUS: Downloaded 50 bytes of new media content, 0/2 files
2012-06-09 05:29:10 - [id=0] STATUS: Downloaded 50 bytes of new media content, 0/2 files
2012-06-09 05:31:06 - [id=0] STATUS: Downloaded 50 bytes of new media content, 0/2 files
2012-06-09 05:33:17 - [id=0] STATUS: Downloaded 50 bytes of new media content, 0/2 files
2012-06-09 05:35:14 - [id=0] STATUS: Downloaded 50 bytes of new media content, 0/2 files
2012-06-09 05:37:25 - [id=0] STATUS: Downloaded 50 bytes of new media content, 0/2 files
2012-06-09 05:39:26 - [id=0] STATUS: Downloaded 50 bytes of new media content, 0/2 files
2012-06-09 05:41:33 - [id=0] STATUS: Downloaded 50 bytes of new media content, 0/2 files
2012-06-09 05:42:42 - [id=0] Downloaded XMLNews, 348343 bytes in 2.6 seconds
2012-06-09 05:43:36 - [id=0] STATUS: Downloaded 50 bytes of new media content, 0/2 files
2012-06-09 05:45:45 - [id=0] STATUS: Downloaded 50 bytes of new media content, 0/2 files
2012-06-09 05:47:42 - [id=0] STATUS: Downloaded 50 bytes of new media content, 0/2 files
2012-06-09 05:49:49 - [id=0] STATUS: Downloaded 50 bytes of new media content, 0/2 files
2012-06-09 05:51:50 - [id=0] STATUS: Downloaded 50 bytes of new media content, 0/2 files
2012-06-09 05:53:57 - [id=0] STATUS: Downloaded 50 bytes of new media content, 0/2 files
2012-06-09 05:55:54 - [id=0] STATUS: Downloaded 50 bytes of new media content, 0/2 files
2012-06-09 05:58:04 - [id=0] STATUS: Downloaded 50 bytes of new media content, 0/2 files
2012-06-09 06:00:03 - [id=0] STATUS: Downloaded 50 bytes of new media content, 0/2 files
2012-06-09 06:00:46 - [id=0] STATUS: Auto restarting at 06:00:00
2012-06-09 06:00:46 - [id=0] Application NewsCasterD v1.0.38  Shutting down
2012-06-10 17:28:55 - [id=0] Application NewsCasterD v1.0.38  Restarted (192.168.245.1/Ethernet LAN), Startup sequence begun...
2012-06-10 17:29:45 - [id=0] Downloaded XMLNews, 567911 bytes in 9.0 seconds
2012-06-10 17:32:34 - [id=0] STATUS: Downloaded 12 bytes of new media content, 0/2 files
2012-06-10 17:34:23 - [id=0] STATUS: Downloaded 51 bytes of new media content, 0/2 files
2012-06-10 17:36:22 - [id=0] STATUS: Downloaded 51 bytes of new media content, 0/2 files
2012-06-10 17:38:32 - [id=0] STATUS: Downloaded 51 bytes of new media content, 0/2 files
2012-06-10 17:40:27 - [id=0] STATUS: Downloaded 51 bytes of new media content, 0/2 files
2012-06-10 17:42:36 - [id=0] STATUS: Downloaded 51 bytes of new media content, 0/2 files
2012-06-10 17:44:33 - [id=0] STATUS: Downloaded 51 bytes of new media content, 0/2 files
2012-06-10 17:55:08 - [id=0] Application NewsCasterD v1.0.38  Restarted (192.168.245.1/Ethernet LAN), Startup sequence begun...
2012-06-10 17:59:38 - [id=0] Application NewsCasterD v1.0.38  Restarted (192.168.245.1/Ethernet LAN), Startup sequence begun...
2012-06-10 19:02:20 - [id=0] Downloaded XMLNews, 486741 bytes in 4.9 seconds
2012-06-10 19:06:05 - [id=0] Application NewsCasterD v1.0.38  Restarted (192.168.245.1/Ethernet LAN), Startup sequence begun...
2012-06-10 19:06:27 - [id=0] Application NewsCasterD v1.0.38  Shutting down
2012-06-11 00:49:41 - [id=0] Application NewsCasterD v1.0.38  Restarted (192.168.245.1/Ethernet LAN), Startup sequence begun...
2012-06-11 00:49:57 - [id=0] Downloaded XMLNews, 484107 bytes in 9.8 seconds
2012-06-11 00:51:24 - [id=0] STATUS: Downloaded 6 bytes of new media content, 0/1 files
2012-06-11 00:51:24 - [id=0] Application NewsCasterD v1.0.38  Shutting down
2012-06-11 17:23:04 - [id=0] Application NewsCasterD v1.0.38  Restarted (192.168.245.1/Ethernet LAN), Startup sequence begun...
2012-06-11 17:23:09 - [id=0] Application NewsCasterD v1.0.38  Shutting down
2012-06-11 21:05:44 - [id=0] Application NewsCasterD v1.0.38  Restarted (192.168.245.1/Ethernet LAN), Startup sequence begun...
2012-06-11 21:05:54 - [id=0] Downloaded XMLNews, 146110 bytes in 2.5 seconds
2012-06-11 21:05:54 - [id=0] MainDlg: Application NewsCasterD v1.0.38  Shutting down
2012-06-11 21:06:22 - [id=0] Application NewsCasterD v1.0.38  Restarted (192.168.245.1/Ethernet LAN), Startup sequence begun...
2012-06-11 21:09:26 - [id=0] STATUS: Downloaded 11 bytes of new media content, 0/2 files
2012-06-11 21:11:03 - [id=0] STATUS: Downloaded 50 bytes of new media content, 0/2 files
2012-06-11 21:12:59 - [id=0] STATUS: Downloaded 50 bytes of new media content, 0/2 files
2012-06-11 21:14:27 - [id=0] STATUS: Downloaded 50 bytes of new media content, 0/2 files
2012-06-11 21:15:11 - [id=0] STATUS: Downloaded 50 bytes of new media content, 0/2 files
2012-06-11 21:17:07 - [id=0] STATUS: Downloaded 50 bytes of new media content, 0/2 files
2012-06-11 21:19:18 - [id=0] STATUS: Downloaded 50 bytes of new media content, 0/2 files
2012-06-11 21:21:13 - [id=0] STATUS: Downloaded 50 bytes of new media content, 0/2 files
2012-06-11 21:23:29 - [id=0] STATUS: Downloaded 50 bytes of new media content, 0/2 files
2012-06-11 21:25:22 - [id=0] STATUS: Downloaded 50 bytes of new media content, 0/2 files
2012-06-11 21:27:30 - [id=0] STATUS: Downloaded 50 bytes of new media content, 0/2 files
2012-06-11 21:29:29 - [id=0] STATUS: Downloaded 50 bytes of new media content, 0/2 files
2012-06-11 21:31:36 - [id=0] STATUS: Downloaded 51 bytes of new media content, 0/2 files
2012-06-11 21:33:33 - [id=0] STATUS: Downloaded 51 bytes of new media content, 0/2 files
2012-06-11 21:35:45 - [id=0] STATUS: Downloaded 51 bytes of new media content, 0/2 files
2012-06-11 21:37:39 - [id=0] STATUS: Downloaded 51 bytes of new media content, 0/2 files
2012-06-11 21:39:51 - [id=0] STATUS: Downloaded 51 bytes of new media content, 0/2 files
2012-06-11 21:41:47 - [id=0] STATUS: Downloaded 51 bytes of new media content, 0/2 files
2012-06-11 21:43:56 - [id=0] STATUS: Downloaded 51 bytes of new media content, 0/2 files
2012-06-11 21:45:53 - [id=0] STATUS: Downloaded 51 bytes of new media content, 0/2 files
2012-06-11 21:48:04 - [id=0] STATUS: Downloaded 51 bytes of new media content, 0/2 files
2012-06-11 21:49:59 - [id=0] STATUS: Downloaded 51 bytes of new media content, 0/2 files
2012-06-11 21:52:10 - [id=0] STATUS: Downloaded 51 bytes of new media content, 0/2 files
2012-06-11 21:54:06 - [id=0] STATUS: Downloaded 51 bytes of new media content, 0/2 files
2012-06-11 21:56:17 - [id=0] STATUS: Downloaded 51 bytes of new media content, 0/2 files
2012-06-11 21:58:13 - [id=0] STATUS: Downloaded 51 bytes of new media content, 0/2 files
2012-06-11 22:00:23 - [id=0] STATUS: Downloaded 51 bytes of new media content, 0/2 files
2012-06-11 22:02:20 - [id=0] STATUS: Downloaded 51 bytes of new media content, 0/2 files
2012-06-11 22:04:29 - [id=0] STATUS: Downloaded 51 bytes of new media content, 0/2 files
2012-06-11 22:06:26 - [id=0] STATUS: Downloaded 51 bytes of new media content, 0/2 files
2012-06-11 22:06:33 - [id=0] Downloaded XMLNews, 599088 bytes in 2.9 seconds
2012-06-11 22:08:39 - [id=0] STATUS: Downloaded 51 bytes of new media content, 0/2 files
2012-06-11 22:10:37 - [id=0] STATUS: Downloaded 51 bytes of new media content, 0/2 files
2012-06-11 22:12:46 - [id=0] STATUS: Downloaded 51 bytes of new media content, 0/2 files
2012-06-11 22:14:44 - [id=0] STATUS: Downloaded 51 bytes of new media content, 0/2 files
2012-06-11 22:16:53 - [id=0] STATUS: Downloaded 51 bytes of new media content, 0/2 files
2012-06-11 22:18:50 - [id=0] STATUS: Downloaded 51 bytes of new media content, 0/2 files
2012-06-11 22:20:59 - [id=0] STATUS: Downloaded 51 bytes of new media content, 0/2 files
2012-06-11 22:22:58 - [id=0] STATUS: Downloaded 51 bytes of new media content, 0/2 files
2012-06-11 22:25:06 - [id=0] STATUS: Downloaded 51 bytes of new media content, 0/2 files
2012-06-11 22:27:06 - [id=0] STATUS: Downloaded 51 bytes of new media content, 0/2 files
2012-06-11 22:29:15 - [id=0] STATUS: Downloaded 51 bytes of new media content, 0/2 files
2012-06-11 22:31:13 - [id=0] STATUS: Downloaded 51 bytes of new media content, 0/2 files
2012-06-11 22:33:21 - [id=0] STATUS: Downloaded 51 bytes of new media content, 0/2 files
2012-06-11 22:35:19 - [id=0] STATUS: Downloaded 51 bytes of new media content, 0/2 files
2012-06-11 22:37:27 - [id=0] STATUS: Downloaded 51 bytes of new media content, 0/2 files
2012-06-11 22:39:25 - [id=0] STATUS: Downloaded 51 bytes of new media content, 0/2 files
2012-06-11 22:41:34 - [id=0] STATUS: Downloaded 51 bytes of new media content, 0/2 files
2012-06-11 22:43:31 - [id=0] STATUS: Downloaded 51 bytes of new media content, 0/2 files
2012-06-11 22:45:41 - [id=0] STATUS: Downloaded 51 bytes of new media content, 0/2 files
2012-06-11 22:47:39 - [id=0] STATUS: Downloaded 51 bytes of new media content, 0/2 files
2012-06-11 22:49:48 - [id=0] STATUS: Downloaded 51 bytes of new media content, 0/2 files
2012-06-11 22:51:45 - [id=0] STATUS: Downloaded 51 bytes of new media content, 0/2 files
2012-06-11 22:53:57 - [id=0] STATUS: Downloaded 51 bytes of new media content, 0/2 files
2012-06-11 22:55:53 - [id=0] STATUS: Downloaded 51 bytes of new media content, 0/2 files
2012-06-11 22:58:03 - [id=0] STATUS: Downloaded 51 bytes of new media content, 0/2 files
2012-06-11 23:00:02 - [id=0] STATUS: Downloaded 51 bytes of new media content, 0/2 files
